<?xml version="1.0" encoding="UTF-8"?>
<!-- Generated by org.testng.reporters.JUnitReportReporter -->
<testsuite hostname="LAPTOP-16OTC00O" failures="0" tests="10" name="com.mindtree.runner.BDDTestRunner" time="220.668" errors="0" timestamp="2022-01-21T16:38:58 IST" skipped="0">
  <testcase classname="com.mindtree.runner.BDDTestRunner" name="runScenario" time="6.729"/>
  <testcase classname="com.mindtree.runner.BDDTestRunner" name="runScenario" time="12.797"/>
  <testcase classname="com.mindtree.runner.BDDTestRunner" name="runScenario" time="12.576"/>
  <testcase classname="com.mindtree.runner.BDDTestRunner" name="runScenario" time="44.143"/>
  <testcase classname="com.mindtree.runner.BDDTestRunner" name="runScenario" time="29.958"/>
  <testcase classname="com.mindtree.runner.BDDTestRunner" name="runScenario" time="37.214"/>
  <testcase classname="com.mindtree.runner.BDDTestRunner" name="runScenario" time="26.156"/>
  <testcase classname="com.mindtree.runner.BDDTestRunner" name="runScenario" time="12.617"/>
  <testcase classname="com.mindtree.runner.BDDTestRunner" name="runScenario" time="20.479"/>
  <testcase classname="com.mindtree.runner.BDDTestRunner" name="runScenario" time="17.999"/>
</testsuite> <!-- com.mindtree.runner.BDDTestRunner -->
